<?xml version="1.0" encoding="UTF-8"?>
<!-- Generated by org.testng.reporters.JUnitXMLReporter -->
<testsuite ignored="0" hostname="IN-8DMZ9K3" failures="0" tests="4" name="Test" time="47.689" errors="0" timestamp="2022-08-05T21:03:37 IST">
  <testcase classname="academy.ValidateNavBar" name="basePageNavigation" time="17.587"/>
  <testcase classname="academy.homePage" name="basePageNavigation" time="14.597"/>
  <testcase classname="academy.homePage" name="basePageNavigation" time="11.912"/>
  <testcase classname="academy.ValidateTitle" name="basePageNavigation" time="3.542"/>
</testsuite> <!-- Test -->
